
*** Running vivado
    with args -log system.vds -m64 -product Vivado -mode batch -messageDb vivado.pb -notrace -source system.tcl


ECHO is off.
ECHO is off.

****** Vivado v2023.1 (64-bit)
  **** SW Build 3865809 on Sun May  7 15:05:29 MDT 2023
  **** IP Build 3864474 on Sun May  7 20:36:21 MDT 2023
  **** SharedData Build 3865790 on Sun May 07 13:33:03 MDT 2023
    ** Copyright 1986-2022 Xilinx, Inc. All Rights Reserved.
    ** Copyright 2022-2023 Advanced Micro Devices, Inc. All Rights Reserved.

source system.tcl -notrace
create_project: Time (s): cpu = 00:00:05 ; elapsed = 00:00:06 . Memory (MB): peak = 449.355 ; gain = 163.527
Command: read_checkpoint -auto_incremental -incremental C:/Users/Sorawit/XilinsProjects/pong_game/pong_game.srcs/utils_1/imports/synth_1/system.dcp
INFO: [Vivado 12-5825] Read reference checkpoint from C:/Users/Sorawit/XilinsProjects/pong_game/pong_game.srcs/utils_1/imports/synth_1/system.dcp for incremental synthesis
INFO: [Vivado 12-7989] Please ensure there are no constraint changes
Command: synth_design -top system -part xc7a35tcpg236-1
Starting synth_design
Attempting to get a license for feature 'Synthesis' and/or device 'xc7a35t'
INFO: [Common 17-349] Got license for feature 'Synthesis' and/or device 'xc7a35t'
INFO: [Device 21-403] Loading part xc7a35tcpg236-1
INFO: [Designutils 20-5440] No compile time benefit to using incremental synthesis; A full resynthesis will be run
INFO: [Designutils 20-4379] Flow is switching to default flow due to incremental criteria not met. If you would like to alter this behaviour and have the flow terminate instead, please set the following parameter config_implementation {autoIncr.Synth.RejectBehavior Terminate}
INFO: [Synth 8-7079] Multithreading enabled for synth_design using a maximum of 2 processes.
INFO: [Synth 8-7078] Launching helper process for spawning children vivado processes
INFO: [Synth 8-7075] Helper process launched with PID 27612
INFO: [Synth 8-11241] undeclared symbol 'p_tick', assumed default net type 'wire' [C:/Users/Sorawit/XilinsProjects/pong_game/pong_game.srcs/sources_1/new/animation_gen.v:84]
WARNING: [Synth 8-8895] 'p_tick' is already implicitly declared on line 84 [C:/Users/Sorawit/XilinsProjects/pong_game/pong_game.srcs/sources_1/new/animation_gen.v:100]
WARNING: [Synth 8-10929] literal value 'd456 truncated to fit in 4 bits [C:/Users/Sorawit/XilinsProjects/pong_game/pong_game.srcs/sources_1/new/animation_gen.v:141]
WARNING: [Synth 8-10929] literal value 'd456 truncated to fit in 4 bits [C:/Users/Sorawit/XilinsProjects/pong_game/pong_game.srcs/sources_1/new/animation_gen.v:144]
WARNING: [Synth 8-11121] redeclaration of ANSI port 'clkDiv' is not allowed [C:/Users/Sorawit/XilinsProjects/pong_game/pong_game.srcs/sources_1/new/clockDivider.v:29]
WARNING: [Synth 8-11121] redeclaration of ANSI port 'player1_score' is not allowed [C:/Users/Sorawit/XilinsProjects/pong_game/pong_game.srcs/sources_1/new/game_control.v:63]
WARNING: [Synth 8-11121] redeclaration of ANSI port 'player2_score' is not allowed [C:/Users/Sorawit/XilinsProjects/pong_game/pong_game.srcs/sources_1/new/game_control.v:64]
WARNING: [Synth 8-11121] redeclaration of ANSI port 'paddle_length' is not allowed [C:/Users/Sorawit/XilinsProjects/pong_game/pong_game.srcs/sources_1/new/game_control.v:71]
WARNING: [Synth 8-11121] redeclaration of ANSI port 'player1_paddle_y_pos' is not allowed [C:/Users/Sorawit/XilinsProjects/pong_game/pong_game.srcs/sources_1/new/game_control.v:74]
WARNING: [Synth 8-11121] redeclaration of ANSI port 'player2_paddle_y_pos' is not allowed [C:/Users/Sorawit/XilinsProjects/pong_game/pong_game.srcs/sources_1/new/game_control.v:75]
WARNING: [Synth 8-11121] redeclaration of ANSI port 'ball_x_pos' is not allowed [C:/Users/Sorawit/XilinsProjects/pong_game/pong_game.srcs/sources_1/new/game_control.v:82]
WARNING: [Synth 8-11121] redeclaration of ANSI port 'ball_y_pos' is not allowed [C:/Users/Sorawit/XilinsProjects/pong_game/pong_game.srcs/sources_1/new/game_control.v:83]
WARNING: [Synth 8-11121] redeclaration of ANSI port 'an' is not allowed [C:/Users/Sorawit/XilinsProjects/pong_game/pong_game.srcs/sources_1/new/sevenSegmentTDM.v:33]
WARNING: [Synth 8-11121] redeclaration of ANSI port 'out' is not allowed [C:/Users/Sorawit/XilinsProjects/pong_game/pong_game.srcs/sources_1/new/singlePulser.v:30]
WARNING: [Synth 8-11121] redeclaration of ANSI port 'en' is not allowed [C:/Users/Sorawit/XilinsProjects/pong_game/pong_game.srcs/sources_1/new/uart.v:32]
---------------------------------------------------------------------------------
Starting RTL Elaboration : Time (s): cpu = 00:00:04 ; elapsed = 00:00:05 . Memory (MB): peak = 1267.188 ; gain = 411.023
---------------------------------------------------------------------------------
INFO: [Synth 8-6157] synthesizing module 'system' [C:/Users/Sorawit/XilinsProjects/pong_game/pong_game.srcs/sources_1/new/system.v:23]
INFO: [Synth 8-6157] synthesizing module 'clockDivider' [C:/Users/Sorawit/XilinsProjects/pong_game/pong_game.srcs/sources_1/new/clockDivider.v:24]
INFO: [Synth 8-6155] done synthesizing module 'clockDivider' (0#1) [C:/Users/Sorawit/XilinsProjects/pong_game/pong_game.srcs/sources_1/new/clockDivider.v:24]
INFO: [Synth 8-6157] synthesizing module 'uart' [C:/Users/Sorawit/XilinsProjects/pong_game/pong_game.srcs/sources_1/new/uart.v:22]
INFO: [Synth 8-6157] synthesizing module 'baudrate_gen' [C:/Users/Sorawit/XilinsProjects/pong_game/pong_game.srcs/sources_1/new/baudrate_gen.v:23]
INFO: [Synth 8-6155] done synthesizing module 'baudrate_gen' (0#1) [C:/Users/Sorawit/XilinsProjects/pong_game/pong_game.srcs/sources_1/new/baudrate_gen.v:23]
INFO: [Synth 8-6157] synthesizing module 'uart_rx' [C:/Users/Sorawit/XilinsProjects/pong_game/pong_game.srcs/sources_1/new/uart_rx.v:23]
INFO: [Synth 8-155] case statement is not full and has no default [C:/Users/Sorawit/XilinsProjects/pong_game/pong_game.srcs/sources_1/new/uart_rx.v:45]
INFO: [Synth 8-6155] done synthesizing module 'uart_rx' (0#1) [C:/Users/Sorawit/XilinsProjects/pong_game/pong_game.srcs/sources_1/new/uart_rx.v:23]
INFO: [Synth 8-6157] synthesizing module 'uart_tx' [C:/Users/Sorawit/XilinsProjects/pong_game/pong_game.srcs/sources_1/new/uart_tx.v:22]
INFO: [Synth 8-155] case statement is not full and has no default [C:/Users/Sorawit/XilinsProjects/pong_game/pong_game.srcs/sources_1/new/uart_tx.v:49]
INFO: [Synth 8-6155] done synthesizing module 'uart_tx' (0#1) [C:/Users/Sorawit/XilinsProjects/pong_game/pong_game.srcs/sources_1/new/uart_tx.v:22]
INFO: [Synth 8-6155] done synthesizing module 'uart' (0#1) [C:/Users/Sorawit/XilinsProjects/pong_game/pong_game.srcs/sources_1/new/uart.v:22]
INFO: [Synth 8-6157] synthesizing module 'game_control' [C:/Users/Sorawit/XilinsProjects/pong_game/pong_game.srcs/sources_1/new/game_control.v:23]
WARNING: [Synth 8-311] ignoring non-constant assignment in initial block [C:/Users/Sorawit/XilinsProjects/pong_game/pong_game.srcs/sources_1/new/game_control.v:78]
WARNING: [Synth 8-311] ignoring non-constant assignment in initial block [C:/Users/Sorawit/XilinsProjects/pong_game/pong_game.srcs/sources_1/new/game_control.v:79]
INFO: [Synth 8-6157] synthesizing module 'singlePulser' [C:/Users/Sorawit/XilinsProjects/pong_game/pong_game.srcs/sources_1/new/singlePulser.v:23]
INFO: [Synth 8-155] case statement is not full and has no default [C:/Users/Sorawit/XilinsProjects/pong_game/pong_game.srcs/sources_1/new/singlePulser.v:36]
INFO: [Synth 8-155] case statement is not full and has no default [C:/Users/Sorawit/XilinsProjects/pong_game/pong_game.srcs/sources_1/new/singlePulser.v:50]
INFO: [Synth 8-6155] done synthesizing module 'singlePulser' (0#1) [C:/Users/Sorawit/XilinsProjects/pong_game/pong_game.srcs/sources_1/new/singlePulser.v:23]
WARNING: [Synth 8-567] referenced signal 'keyboard' should be on the sensitivity list [C:/Users/Sorawit/XilinsProjects/pong_game/pong_game.srcs/sources_1/new/game_control.v:95]
INFO: [Synth 8-6157] synthesizing module 'game_clock' [C:/Users/Sorawit/XilinsProjects/pong_game/pong_game.srcs/sources_1/new/game_clock.v:23]
INFO: [Synth 8-6155] done synthesizing module 'game_clock' (0#1) [C:/Users/Sorawit/XilinsProjects/pong_game/pong_game.srcs/sources_1/new/game_clock.v:23]
INFO: [Synth 8-6155] done synthesizing module 'game_control' (0#1) [C:/Users/Sorawit/XilinsProjects/pong_game/pong_game.srcs/sources_1/new/game_control.v:23]
WARNING: [Synth 8-7071] port 'keyboardEn' of module 'game_control' is unconnected for instance 'game_control' [C:/Users/Sorawit/XilinsProjects/pong_game/pong_game.srcs/sources_1/new/system.v:58]
WARNING: [Synth 8-7023] instance 'game_control' of module 'game_control' has 13 connections declared, but only 12 given [C:/Users/Sorawit/XilinsProjects/pong_game/pong_game.srcs/sources_1/new/system.v:58]
INFO: [Synth 8-6157] synthesizing module 'binToBCD' [C:/Users/Sorawit/XilinsProjects/pong_game/pong_game.srcs/sources_1/new/binToBCD.v:23]
INFO: [Synth 8-6155] done synthesizing module 'binToBCD' (0#1) [C:/Users/Sorawit/XilinsProjects/pong_game/pong_game.srcs/sources_1/new/binToBCD.v:23]
INFO: [Synth 8-6157] synthesizing module 'sevenSegmentTDM' [C:/Users/Sorawit/XilinsProjects/pong_game/pong_game.srcs/sources_1/new/sevenSegmentTDM.v:23]
INFO: [Synth 8-6157] synthesizing module 'sevenSegmentEncoder' [C:/Users/Sorawit/XilinsProjects/pong_game/pong_game.srcs/sources_1/new/sevenSegmentEncoder.v:23]
INFO: [Synth 8-6155] done synthesizing module 'sevenSegmentEncoder' (0#1) [C:/Users/Sorawit/XilinsProjects/pong_game/pong_game.srcs/sources_1/new/sevenSegmentEncoder.v:23]
WARNING: [Synth 8-567] referenced signal 'num3' should be on the sensitivity list [C:/Users/Sorawit/XilinsProjects/pong_game/pong_game.srcs/sources_1/new/sevenSegmentTDM.v:63]
WARNING: [Synth 8-567] referenced signal 'num2' should be on the sensitivity list [C:/Users/Sorawit/XilinsProjects/pong_game/pong_game.srcs/sources_1/new/sevenSegmentTDM.v:63]
WARNING: [Synth 8-567] referenced signal 'num1' should be on the sensitivity list [C:/Users/Sorawit/XilinsProjects/pong_game/pong_game.srcs/sources_1/new/sevenSegmentTDM.v:63]
WARNING: [Synth 8-567] referenced signal 'num0' should be on the sensitivity list [C:/Users/Sorawit/XilinsProjects/pong_game/pong_game.srcs/sources_1/new/sevenSegmentTDM.v:63]
INFO: [Synth 8-6155] done synthesizing module 'sevenSegmentTDM' (0#1) [C:/Users/Sorawit/XilinsProjects/pong_game/pong_game.srcs/sources_1/new/sevenSegmentTDM.v:23]
INFO: [Synth 8-6157] synthesizing module 'animation_gen' [C:/Users/Sorawit/XilinsProjects/pong_game/pong_game.srcs/sources_1/new/animation_gen.v:23]
INFO: [Synth 8-6157] synthesizing module 'font_rom' [C:/Users/Sorawit/XilinsProjects/pong_game/pong_game.srcs/sources_1/new/font_rom.v:30]
INFO: [Synth 8-6155] done synthesizing module 'font_rom' (0#1) [C:/Users/Sorawit/XilinsProjects/pong_game/pong_game.srcs/sources_1/new/font_rom.v:30]
INFO: [Synth 8-6157] synthesizing module 'vga_sync' [C:/Users/Sorawit/XilinsProjects/pong_game/pong_game.srcs/sources_1/new/vga_sync.v:26]
INFO: [Synth 8-6155] done synthesizing module 'vga_sync' (0#1) [C:/Users/Sorawit/XilinsProjects/pong_game/pong_game.srcs/sources_1/new/vga_sync.v:26]
INFO: [Synth 8-6155] done synthesizing module 'animation_gen' (0#1) [C:/Users/Sorawit/XilinsProjects/pong_game/pong_game.srcs/sources_1/new/animation_gen.v:23]
INFO: [Synth 8-6155] done synthesizing module 'system' (0#1) [C:/Users/Sorawit/XilinsProjects/pong_game/pong_game.srcs/sources_1/new/system.v:23]
WARNING: [Synth 8-3917] design system has port dp driven by constant 1
WARNING: [Synth 8-7129] Port clk in module font_rom is either unconnected or has no load
WARNING: [Synth 8-7129] Port sw[11] in module system is either unconnected or has no load
WARNING: [Synth 8-7129] Port sw[10] in module system is either unconnected or has no load
WARNING: [Synth 8-7129] Port sw[9] in module system is either unconnected or has no load
WARNING: [Synth 8-7129] Port sw[8] in module system is either unconnected or has no load
WARNING: [Synth 8-7129] Port sw[7] in module system is either unconnected or has no load
WARNING: [Synth 8-7129] Port sw[6] in module system is either unconnected or has no load
WARNING: [Synth 8-7129] Port sw[5] in module system is either unconnected or has no load
WARNING: [Synth 8-7129] Port sw[4] in module system is either unconnected or has no load
WARNING: [Synth 8-7129] Port sw[3] in module system is either unconnected or has no load
WARNING: [Synth 8-7129] Port sw[2] in module system is either unconnected or has no load
WARNING: [Synth 8-7129] Port btnU in module system is either unconnected or has no load
WARNING: [Synth 8-7129] Port btnL in module system is either unconnected or has no load
---------------------------------------------------------------------------------
Finished RTL Elaboration : Time (s): cpu = 00:00:06 ; elapsed = 00:00:07 . Memory (MB): peak = 1369.934 ; gain = 513.770
---------------------------------------------------------------------------------
---------------------------------------------------------------------------------
Start Handling Custom Attributes
---------------------------------------------------------------------------------
---------------------------------------------------------------------------------
Finished Handling Custom Attributes : Time (s): cpu = 00:00:07 ; elapsed = 00:00:07 . Memory (MB): peak = 1369.934 ; gain = 513.770
---------------------------------------------------------------------------------
---------------------------------------------------------------------------------
Finished RTL Optimization Phase 1 : Time (s): cpu = 00:00:07 ; elapsed = 00:00:07 . Memory (MB): peak = 1369.934 ; gain = 513.770
---------------------------------------------------------------------------------
Netlist sorting complete. Time (s): cpu = 00:00:00 ; elapsed = 00:00:00.014 . Memory (MB): peak = 1369.934 ; gain = 0.000
INFO: [Project 1-570] Preparing netlist for logic optimization

Processing XDC Constraints
Initializing timing engine
Parsing XDC File [C:/Users/Sorawit/XilinsProjects/pong_game/pong_game.srcs/constrs_1/new/Basys3_Master.xdc]
WARNING: [Vivado 12-584] No ports matched 'btnR'. [C:/Users/Sorawit/XilinsProjects/pong_game/pong_game.srcs/constrs_1/new/Basys3_Master.xdc:117]
CRITICAL WARNING: [Common 17-55] 'set_property' expects at least one object. [C:/Users/Sorawit/XilinsProjects/pong_game/pong_game.srcs/constrs_1/new/Basys3_Master.xdc:117]
Resolution: If [get_<value>] was used to populate the object, check to make sure this command returns at least one valid object.
WARNING: [Vivado 12-584] No ports matched 'btnR'. [C:/Users/Sorawit/XilinsProjects/pong_game/pong_game.srcs/constrs_1/new/Basys3_Master.xdc:118]
CRITICAL WARNING: [Common 17-55] 'set_property' expects at least one object. [C:/Users/Sorawit/XilinsProjects/pong_game/pong_game.srcs/constrs_1/new/Basys3_Master.xdc:118]
Resolution: If [get_<value>] was used to populate the object, check to make sure this command returns at least one valid object.
WARNING: [Vivado 12-584] No ports matched 'btnD'. [C:/Users/Sorawit/XilinsProjects/pong_game/pong_game.srcs/constrs_1/new/Basys3_Master.xdc:119]
CRITICAL WARNING: [Common 17-55] 'set_property' expects at least one object. [C:/Users/Sorawit/XilinsProjects/pong_game/pong_game.srcs/constrs_1/new/Basys3_Master.xdc:119]
Resolution: If [get_<value>] was used to populate the object, check to make sure this command returns at least one valid object.
WARNING: [Vivado 12-584] No ports matched 'btnD'. [C:/Users/Sorawit/XilinsProjects/pong_game/pong_game.srcs/constrs_1/new/Basys3_Master.xdc:120]
CRITICAL WARNING: [Common 17-55] 'set_property' expects at least one object. [C:/Users/Sorawit/XilinsProjects/pong_game/pong_game.srcs/constrs_1/new/Basys3_Master.xdc:120]
Resolution: If [get_<value>] was used to populate the object, check to make sure this command returns at least one valid object.
Finished Parsing XDC File [C:/Users/Sorawit/XilinsProjects/pong_game/pong_game.srcs/constrs_1/new/Basys3_Master.xdc]
INFO: [Project 1-236] Implementation specific constraints were found while reading constraint file [C:/Users/Sorawit/XilinsProjects/pong_game/pong_game.srcs/constrs_1/new/Basys3_Master.xdc]. These constraints will be ignored for synthesis but will be used in implementation. Impacted constraints are listed in the file [.Xil/system_propImpl.xdc].
Resolution: To avoid this warning, move constraints listed in [.Xil/system_propImpl.xdc] to another XDC file and exclude this new file from synthesis with the used_in_synthesis property (File Properties dialog in GUI) and re-run elaboration/synthesis.
Completed Processing XDC Constraints

Netlist sorting complete. Time (s): cpu = 00:00:00 ; elapsed = 00:00:00.001 . Memory (MB): peak = 1468.953 ; gain = 0.000
INFO: [Project 1-111] Unisim Transformation Summary:
No Unisim elements were transformed.

Constraint Validation Runtime : Time (s): cpu = 00:00:00 ; elapsed = 00:00:00.004 . Memory (MB): peak = 1468.953 ; gain = 0.000
INFO: [Designutils 20-5440] No compile time benefit to using incremental synthesis; A full resynthesis will be run
INFO: [Designutils 20-4379] Flow is switching to default flow due to incremental criteria not met. If you would like to alter this behaviour and have the flow terminate instead, please set the following parameter config_implementation {autoIncr.Synth.RejectBehavior Terminate}
---------------------------------------------------------------------------------
Finished Constraint Validation : Time (s): cpu = 00:00:16 ; elapsed = 00:00:18 . Memory (MB): peak = 1468.953 ; gain = 612.789
---------------------------------------------------------------------------------
---------------------------------------------------------------------------------
Start Loading Part and Timing Information
---------------------------------------------------------------------------------
Loading part: xc7a35tcpg236-1
---------------------------------------------------------------------------------
Finished Loading Part and Timing Information : Time (s): cpu = 00:00:16 ; elapsed = 00:00:18 . Memory (MB): peak = 1468.953 ; gain = 612.789
---------------------------------------------------------------------------------
---------------------------------------------------------------------------------
Start Applying 'set_property' XDC Constraints
---------------------------------------------------------------------------------
---------------------------------------------------------------------------------
Finished applying 'set_property' XDC Constraints : Time (s): cpu = 00:00:17 ; elapsed = 00:00:18 . Memory (MB): peak = 1468.953 ; gain = 612.789
---------------------------------------------------------------------------------
INFO: [Synth 8-802] inferred FSM for state register 'state_reg' in module 'singlePulser'
WARNING: [Synth 8-327] inferring latch for variable 'out_reg' [C:/Users/Sorawit/XilinsProjects/pong_game/pong_game.srcs/sources_1/new/singlePulser.v:51]
---------------------------------------------------------------------------------------------------
                   State |                     New Encoding |                Previous Encoding 
---------------------------------------------------------------------------------------------------
                 iSTATE1 |                              001 |                               00
                  iSTATE |                              010 |                               01
                 iSTATE0 |                              100 |                               10
---------------------------------------------------------------------------------------------------
INFO: [Synth 8-3354] encoded FSM with state register 'state_reg' using encoding 'one-hot' in module 'singlePulser'
WARNING: [Synth 8-327] inferring latch for variable 'font_address_reg' [C:/Users/Sorawit/XilinsProjects/pong_game/pong_game.srcs/sources_1/new/animation_gen.v:84]
---------------------------------------------------------------------------------
Finished RTL Optimization Phase 2 : Time (s): cpu = 00:00:18 ; elapsed = 00:00:19 . Memory (MB): peak = 1468.953 ; gain = 612.789
---------------------------------------------------------------------------------
---------------------------------------------------------------------------------
Start RTL Component Statistics 
---------------------------------------------------------------------------------
Detailed RTL Component Info : 
+---Adders : 
	   2 Input   32 Bit       Adders := 6     
	   2 Input   26 Bit       Adders := 1     
	   4 Input   12 Bit       Adders := 2     
	   3 Input   12 Bit       Adders := 1     
	   4 Input   11 Bit       Adders := 2     
	   3 Input   11 Bit       Adders := 1     
	   2 Input   10 Bit       Adders := 5     
	   3 Input   10 Bit       Adders := 1     
	   2 Input    9 Bit       Adders := 3     
	   3 Input    9 Bit       Adders := 1     
	   2 Input    8 Bit       Adders := 4     
	   2 Input    4 Bit       Adders := 1     
	   2 Input    2 Bit       Adders := 2     
+---Registers : 
	               26 Bit    Registers := 1     
	               12 Bit    Registers := 1     
	               10 Bit    Registers := 3     
	                9 Bit    Registers := 5     
	                8 Bit    Registers := 5     
	                7 Bit    Registers := 2     
	                2 Bit    Registers := 2     
	                1 Bit    Registers := 34    
+---Muxes : 
	   2 Input   12 Bit        Muxes := 2     
	   2 Input   10 Bit        Muxes := 3     
	   2 Input    9 Bit        Muxes := 7     
	  10 Input    8 Bit        Muxes := 1     
	   2 Input    8 Bit        Muxes := 1     
	   2 Input    7 Bit        Muxes := 1     
	   4 Input    4 Bit        Muxes := 2     
	   3 Input    3 Bit        Muxes := 1     
	   2 Input    3 Bit        Muxes := 3     
	   2 Input    1 Bit        Muxes := 12    
	  10 Input    1 Bit        Muxes := 2     
	   3 Input    1 Bit        Muxes := 2     
	   8 Input    1 Bit        Muxes := 1     
---------------------------------------------------------------------------------
Finished RTL Component Statistics 
---------------------------------------------------------------------------------
---------------------------------------------------------------------------------
Start Part Resource Summary
---------------------------------------------------------------------------------
Part Resources:
DSPs: 90 (col length:60)
BRAMs: 100 (col length: RAMB18 60 RAMB36 30)
---------------------------------------------------------------------------------
Finished Part Resource Summary
---------------------------------------------------------------------------------
---------------------------------------------------------------------------------
Start Cross Boundary and Area Optimization
---------------------------------------------------------------------------------
WARNING: [Synth 8-7080] Parallel synthesis criteria is not met
WARNING: [Synth 8-3917] design system has port dp driven by constant 1
WARNING: [Synth 8-7129] Port clk in module font_rom is either unconnected or has no load
WARNING: [Synth 8-7129] Port sw[11] in module system is either unconnected or has no load
WARNING: [Synth 8-7129] Port sw[10] in module system is either unconnected or has no load
WARNING: [Synth 8-7129] Port sw[9] in module system is either unconnected or has no load
WARNING: [Synth 8-7129] Port sw[8] in module system is either unconnected or has no load
WARNING: [Synth 8-7129] Port sw[7] in module system is either unconnected or has no load
WARNING: [Synth 8-7129] Port sw[6] in module system is either unconnected or has no load
WARNING: [Synth 8-7129] Port sw[5] in module system is either unconnected or has no load
WARNING: [Synth 8-7129] Port sw[4] in module system is either unconnected or has no load
WARNING: [Synth 8-7129] Port sw[3] in module system is either unconnected or has no load
WARNING: [Synth 8-7129] Port sw[2] in module system is either unconnected or has no load
WARNING: [Synth 8-7129] Port btnU in module system is either unconnected or has no load
WARNING: [Synth 8-7129] Port btnL in module system is either unconnected or has no load
WARNING: [Synth 8-3332] Sequential element (game_control/ksp/out_reg) is unused and will be removed from module system.
WARNING: [Synth 8-3332] Sequential element (game_control/ksp/FSM_onehot_state_reg[2]) is unused and will be removed from module system.
WARNING: [Synth 8-3332] Sequential element (game_control/ksp/FSM_onehot_state_reg[1]) is unused and will be removed from module system.
WARNING: [Synth 8-3332] Sequential element (game_control/ksp/FSM_onehot_state_reg[0]) is unused and will be removed from module system.
---------------------------------------------------------------------------------
Finished Cross Boundary and Area Optimization : Time (s): cpu = 00:00:38 ; elapsed = 00:00:40 . Memory (MB): peak = 1468.953 ; gain = 612.789
---------------------------------------------------------------------------------
---------------------------------------------------------------------------------
Start ROM, RAM, DSP, Shift Register and Retiming Reporting
---------------------------------------------------------------------------------

ROM: Preliminary Mapping Report
+------------+------------+---------------+----------------+
|Module Name | RTL Object | Depth x Width | Implemented As | 
+------------+------------+---------------+----------------+
|font_rom    | data       | 2048x8        | LUT            | 
+------------+------------+---------------+----------------+

---------------------------------------------------------------------------------
Finished ROM, RAM, DSP, Shift Register and Retiming Reporting
---------------------------------------------------------------------------------
---------------------------------------------------------------------------------
Start Applying XDC Timing Constraints
---------------------------------------------------------------------------------
---------------------------------------------------------------------------------
Finished Applying XDC Timing Constraints : Time (s): cpu = 00:00:44 ; elapsed = 00:00:47 . Memory (MB): peak = 1468.953 ; gain = 612.789
---------------------------------------------------------------------------------
---------------------------------------------------------------------------------
Start Timing Optimization
---------------------------------------------------------------------------------
---------------------------------------------------------------------------------
Finished Timing Optimization : Time (s): cpu = 00:00:44 ; elapsed = 00:00:47 . Memory (MB): peak = 1468.953 ; gain = 612.789
---------------------------------------------------------------------------------
---------------------------------------------------------------------------------
Start Technology Mapping
---------------------------------------------------------------------------------
---------------------------------------------------------------------------------
Finished Technology Mapping : Time (s): cpu = 00:00:44 ; elapsed = 00:00:47 . Memory (MB): peak = 1468.953 ; gain = 612.789
---------------------------------------------------------------------------------
---------------------------------------------------------------------------------
Start IO Insertion
---------------------------------------------------------------------------------
---------------------------------------------------------------------------------
Start Flattening Before IO Insertion
---------------------------------------------------------------------------------
---------------------------------------------------------------------------------
Finished Flattening Before IO Insertion
---------------------------------------------------------------------------------
---------------------------------------------------------------------------------
Start Final Netlist Cleanup
---------------------------------------------------------------------------------
---------------------------------------------------------------------------------
Finished Final Netlist Cleanup
---------------------------------------------------------------------------------
---------------------------------------------------------------------------------
Finished IO Insertion : Time (s): cpu = 00:00:50 ; elapsed = 00:00:53 . Memory (MB): peak = 1468.953 ; gain = 612.789
---------------------------------------------------------------------------------
---------------------------------------------------------------------------------
Start Renaming Generated Instances
---------------------------------------------------------------------------------
---------------------------------------------------------------------------------
Finished Renaming Generated Instances : Time (s): cpu = 00:00:50 ; elapsed = 00:00:53 . Memory (MB): peak = 1468.953 ; gain = 612.789
---------------------------------------------------------------------------------
---------------------------------------------------------------------------------
Start Rebuilding User Hierarchy
---------------------------------------------------------------------------------
---------------------------------------------------------------------------------
Finished Rebuilding User Hierarchy : Time (s): cpu = 00:00:50 ; elapsed = 00:00:53 . Memory (MB): peak = 1468.953 ; gain = 612.789
---------------------------------------------------------------------------------
---------------------------------------------------------------------------------
Start Renaming Generated Ports
---------------------------------------------------------------------------------
---------------------------------------------------------------------------------
Finished Renaming Generated Ports : Time (s): cpu = 00:00:50 ; elapsed = 00:00:53 . Memory (MB): peak = 1468.953 ; gain = 612.789
---------------------------------------------------------------------------------
---------------------------------------------------------------------------------
Start Handling Custom Attributes
---------------------------------------------------------------------------------
---------------------------------------------------------------------------------
Finished Handling Custom Attributes : Time (s): cpu = 00:00:50 ; elapsed = 00:00:54 . Memory (MB): peak = 1468.953 ; gain = 612.789
---------------------------------------------------------------------------------
---------------------------------------------------------------------------------
Start Renaming Generated Nets
---------------------------------------------------------------------------------
---------------------------------------------------------------------------------
Finished Renaming Generated Nets : Time (s): cpu = 00:00:50 ; elapsed = 00:00:54 . Memory (MB): peak = 1468.953 ; gain = 612.789
---------------------------------------------------------------------------------
---------------------------------------------------------------------------------
Start Writing Synthesis Report
---------------------------------------------------------------------------------

Report BlackBoxes: 
+-+--------------+----------+
| |BlackBox name |Instances |
+-+--------------+----------+
+-+--------------+----------+

Report Cell Usage: 
+------+-------+------+
|      |Cell   |Count |
+------+-------+------+
|1     |BUFG   |     3|
|2     |CARRY4 |    75|
|3     |LUT1   |    49|
|4     |LUT2   |   129|
|5     |LUT3   |    74|
|6     |LUT4   |   131|
|7     |LUT5   |   122|
|8     |LUT6   |   441|
|9     |MUXF7  |    89|
|10    |MUXF8  |    23|
|11    |FDCE   |    24|
|12    |FDPE   |     9|
|13    |FDRE   |   198|
|14    |LD     |    17|
|15    |IBUF   |     5|
|16    |OBUF   |    27|
+------+-------+------+
---------------------------------------------------------------------------------
Finished Writing Synthesis Report : Time (s): cpu = 00:00:50 ; elapsed = 00:00:54 . Memory (MB): peak = 1468.953 ; gain = 612.789
---------------------------------------------------------------------------------
Synthesis finished with 0 errors, 0 critical warnings and 21 warnings.
Synthesis Optimization Runtime : Time (s): cpu = 00:00:43 ; elapsed = 00:00:52 . Memory (MB): peak = 1468.953 ; gain = 513.770
Synthesis Optimization Complete : Time (s): cpu = 00:00:51 ; elapsed = 00:00:54 . Memory (MB): peak = 1468.953 ; gain = 612.789
INFO: [Project 1-571] Translating synthesized netlist
Netlist sorting complete. Time (s): cpu = 00:00:00 ; elapsed = 00:00:00.039 . Memory (MB): peak = 1468.953 ; gain = 0.000
INFO: [Netlist 29-17] Analyzing 204 Unisim elements for replacement
INFO: [Netlist 29-28] Unisim Transformation completed in 0 CPU seconds
INFO: [Project 1-570] Preparing netlist for logic optimization
INFO: [Opt 31-138] Pushed 0 inverter(s) to 0 load pin(s).
Netlist sorting complete. Time (s): cpu = 00:00:00 ; elapsed = 00:00:00 . Memory (MB): peak = 1468.953 ; gain = 0.000
INFO: [Project 1-111] Unisim Transformation Summary:
  A total of 17 instances were transformed.
  LD => LDCE: 17 instances

Synth Design complete | Checksum: 77317b08
INFO: [Common 17-83] Releasing license: Synthesis
58 Infos, 62 Warnings, 4 Critical Warnings and 0 Errors encountered.
synth_design completed successfully
synth_design: Time (s): cpu = 00:00:56 ; elapsed = 00:01:00 . Memory (MB): peak = 1468.953 ; gain = 991.980
INFO: [runtcl-6] Synthesis results are not added to the cache due to CRITICAL_WARNING
INFO: [Common 17-1381] The checkpoint 'C:/Users/Sorawit/XilinsProjects/pong_game/pong_game.runs/synth_1/system.dcp' has been generated.
INFO: [runtcl-4] Executing : report_utilization -file system_utilization_synth.rpt -pb system_utilization_synth.pb
INFO: [Common 17-206] Exiting Vivado at Mon Dec 11 00:30:40 2023...
